<?xml version="1.0" encoding="UTF-8"?>
<testsuite name="TodoPerformanceTest" tests="1" skipped="0" failures="0" errors="0" timestamp="2023-12-03T23:07:41" hostname="MacBook-Pro.local" time="79.619">
  <properties/>
  <testcase name="testTodoPerformance()" classname="TodoPerformanceTest" time="79.619"/>
  <system-out><![CDATA[------------ 1 Todos Added ------------
Number of todos: 4
Time taken to add a todo: 7.554163 milliseconds
Time taken to update a todo: 51.085144 milliseconds
Time taken to delete a todo: 7.057189 milliseconds
memory usage:23
------------ 30 Todos Added ------------
Number of todos: 35
Time taken to add a todo: 6.917628 milliseconds
Time taken to update a todo: 6.469339 milliseconds
Time taken to delete a todo: 5.115885 milliseconds
memory usage:24
------------ 50 Todos Added ------------
Number of todos: 86
Time taken to add a todo: 7.191664 milliseconds
Time taken to update a todo: 4.946508 milliseconds
Time taken to delete a todo: 7.537574 milliseconds
memory usage:24
------------ 80 Todos Added ------------
Number of todos: 167
Time taken to add a todo: 5.871087 milliseconds
Time taken to update a todo: 19.524704 milliseconds
Time taken to delete a todo: 7.114127 milliseconds
memory usage:25
------------ 100 Todos Added ------------
Number of todos: 268
Time taken to add a todo: 19.794806 milliseconds
Time taken to update a todo: 5.635322 milliseconds
Time taken to delete a todo: 4.564207 milliseconds
memory usage:26
------------ 200 Todos Added ------------
Number of todos: 469
Time taken to add a todo: 6.021464 milliseconds
Time taken to update a todo: 5.121931 milliseconds
Time taken to delete a todo: 10.754821 milliseconds
memory usage:29
------------ 300 Todos Added ------------
Number of todos: 770
Time taken to add a todo: 4.354996 milliseconds
Time taken to update a todo: 5.723716 milliseconds
Time taken to delete a todo: 3.455212 milliseconds
memory usage:23
------------ 400 Todos Added ------------
Number of todos: 1171
Time taken to add a todo: 4.556671 milliseconds
Time taken to update a todo: 11.368208 milliseconds
Time taken to delete a todo: 7.059582 milliseconds
memory usage:27
------------ 500 Todos Added ------------
Number of todos: 1672
Time taken to add a todo: 3.685851 milliseconds
Time taken to update a todo: 3.683759 milliseconds
Time taken to delete a todo: 13.496881 milliseconds
memory usage:24
------------ 600 Todos Added ------------
Number of todos: 2273
Time taken to add a todo: 6.738561 milliseconds
Time taken to update a todo: 5.886514 milliseconds
Time taken to delete a todo: 4.314979 milliseconds
memory usage:25
------------ 800 Todos Added ------------
Number of todos: 3074
Time taken to add a todo: 4.383625 milliseconds
Time taken to update a todo: 3.574769 milliseconds
Time taken to delete a todo: 4.936575 milliseconds
memory usage:25
------------ 900 Todos Added ------------
Number of todos: 3975
Time taken to add a todo: 2.75882 milliseconds
Time taken to update a todo: 7.036706 milliseconds
Time taken to delete a todo: 6.67782 milliseconds
memory usage:26
------------ 1000 Todos Added ------------
Number of todos: 4976
Time taken to add a todo: 4.384687 milliseconds
Time taken to update a todo: 4.407001 milliseconds
Time taken to delete a todo: 4.579661 milliseconds
memory usage:27
------------ 2000 Todos Added ------------
Number of todos: 6977
Time taken to add a todo: 2.63501 milliseconds
Time taken to update a todo: 5.174153 milliseconds
Time taken to delete a todo: 9.715641 milliseconds
memory usage:29
------------ 3000 Todos Added ------------
Number of todos: 9978
Time taken to add a todo: 419.68002 milliseconds
Time taken to update a todo: 3.838036 milliseconds
Time taken to delete a todo: 4.399846 milliseconds
memory usage:31
------------ 5000 Todos Added ------------
Number of todos: 14979
Time taken to add a todo: 4.403842 milliseconds
Time taken to update a todo: 95.94486 milliseconds
Time taken to delete a todo: 238.28386 milliseconds
memory usage:35
]]></system-out>
  <system-err><![CDATA[]]></system-err>
</testsuite>
