<?xml version="1.0" encoding="UTF-8"?>
<testsuite name="CategoriesPerformanceTest" tests="1" skipped="0" failures="0" errors="0" timestamp="2023-12-03T23:04:47" hostname="MacBook-Pro.local" time="98.285">
  <properties/>
  <testcase name="testCategoryPerformance()" classname="CategoriesPerformanceTest" time="98.285"/>
  <system-out><![CDATA[------------ 1 Categories Added ------------
Number of categories: 4
Time taken to add a category: 27.104128 milliseconds
Time taken to update a category: 22.919365 milliseconds
Time taken to delete a Category: 20.55709 milliseconds
memory usage:21
------------ 30 Categories Added ------------
Number of categories: 36
Time taken to add a category: 12.383188 milliseconds
Time taken to update a category: 14.810118 milliseconds
Time taken to delete a Category: 12.323959 milliseconds
memory usage:22
------------ 50 Categories Added ------------
Number of categories: 88
Time taken to add a category: 11.167178 milliseconds
Time taken to update a category: 10.524169 milliseconds
Time taken to delete a Category: 8.813017 milliseconds
memory usage:23
------------ 80 Categories Added ------------
Number of categories: 170
Time taken to add a category: 8.738679 milliseconds
Time taken to update a category: 9.498444 milliseconds
Time taken to delete a Category: 7.948855 milliseconds
memory usage:24
------------ 100 Categories Added ------------
Number of categories: 272
Time taken to add a category: 20.994473 milliseconds
Time taken to update a category: 26.078764 milliseconds
Time taken to delete a Category: 62.173256 milliseconds
memory usage:21
------------ 200 Categories Added ------------
Number of categories: 474
Time taken to add a category: 6.931157 milliseconds
Time taken to update a category: 7.431954 milliseconds
Time taken to delete a Category: 5.575829 milliseconds
memory usage:23
------------ 300 Categories Added ------------
Number of categories: 776
Time taken to add a category: 6.88279 milliseconds
Time taken to update a category: 7.285928 milliseconds
Time taken to delete a Category: 6.699346 milliseconds
memory usage:22
------------ 400 Categories Added ------------
Number of categories: 1178
Time taken to add a category: 14.082316 milliseconds
Time taken to update a category: 8.146927 milliseconds
Time taken to delete a Category: 4.671209 milliseconds
memory usage:29
------------ 500 Categories Added ------------
Number of categories: 1680
Time taken to add a category: 4.676037 milliseconds
Time taken to update a category: 4.005544 milliseconds
Time taken to delete a Category: 4.193303 milliseconds
memory usage:22
------------ 600 Categories Added ------------
Number of categories: 2282
Time taken to add a category: 5.801581 milliseconds
Time taken to update a category: 5.166051 milliseconds
Time taken to delete a Category: 4.608887 milliseconds
memory usage:23
------------ 800 Categories Added ------------
Number of categories: 3084
Time taken to add a category: 4.257497 milliseconds
Time taken to update a category: 7.91895 milliseconds
Time taken to delete a Category: 3.57945 milliseconds
memory usage:23
------------ 900 Categories Added ------------
Number of categories: 3986
Time taken to add a category: 26.078163 milliseconds
Time taken to update a category: 17.507372 milliseconds
Time taken to delete a Category: 89.40314 milliseconds
memory usage:24
------------ 1000 Categories Added ------------
Number of categories: 4988
Time taken to add a category: 4.479424 milliseconds
Time taken to update a category: 20.461216 milliseconds
Time taken to delete a Category: 6.643986 milliseconds
memory usage:24
------------ 2000 Categories Added ------------
Number of categories: 6990
Time taken to add a category: 177.69072 milliseconds
Time taken to update a category: 10.498486 milliseconds
Time taken to delete a Category: 21.25656 milliseconds
memory usage:25
------------ 3000 Categories Added ------------
Number of categories: 9992
Time taken to add a category: 3.478804 milliseconds
Time taken to update a category: 4.280825 milliseconds
Time taken to delete a Category: 3.416783 milliseconds
memory usage:28
------------ 5000 Categories Added ------------
Number of categories: 14994
Time taken to add a category: 2.365226 milliseconds
Time taken to update a category: 3.278057 milliseconds
Time taken to delete a Category: 2.996249 milliseconds
memory usage:31
]]></system-out>
  <system-err><![CDATA[]]></system-err>
</testsuite>
