<?xml version="1.0" encoding="UTF-8"?>
<testsuite name="features.CucumberFeaturesTestRunner" tests="23" skipped="0" failures="6" errors="0" timestamp="2023-11-14T17:33:10" hostname="MacBook-Pro.lan" time="141.783">
  <properties/>
  <testcase name="Create a category #1" classname="features.CucumberFeaturesTestRunner" time="7.606"/>
  <testcase name="Create a category #2" classname="features.CucumberFeaturesTestRunner" time="6.103"/>
  <testcase name="Create a category that has already been created #1" classname="features.CucumberFeaturesTestRunner" time="6.1"/>
  <testcase name="Create a category that has already been created #2" classname="features.CucumberFeaturesTestRunner" time="6.079"/>
  <testcase name="Create a category with an empty title" classname="features.CucumberFeaturesTestRunner" time="6.101"/>
  <testcase name="Update a categories title and description #1" classname="features.CucumberFeaturesTestRunner" time="6.113"/>
  <testcase name="Update a categories title and description #2" classname="features.CucumberFeaturesTestRunner" time="6.09"/>
  <testcase name="update a category with only the title #1" classname="features.CucumberFeaturesTestRunner" time="6.093"/>
  <testcase name="update a category with only the title #2" classname="features.CucumberFeaturesTestRunner" time="6.095"/>
  <testcase name="Update a category with empty title" classname="features.CucumberFeaturesTestRunner" time="6.077"/>
  <testcase name="Get all categories #1" classname="features.CucumberFeaturesTestRunner" time="6.187"/>
  <testcase name="Get all categories #2" classname="features.CucumberFeaturesTestRunner" time="6.116"/>
  <testcase name="Get all categories #3" classname="features.CucumberFeaturesTestRunner" time="6.093"/>
  <testcase name="Get all categories with a specific title" classname="features.CucumberFeaturesTestRunner" time="6.115"/>
  <testcase name="Get all categories with the wrong endpoint" classname="features.CucumberFeaturesTestRunner" time="6.073"/>
  <testcase name="Delete a category" classname="features.CucumberFeaturesTestRunner" time="6.107">
    <failure message="org.opentest4j.AssertionFailedError: expected: &lt;1&gt; but was: &lt;0&gt;" type="org.opentest4j.AssertionFailedError">org.opentest4j.AssertionFailedError: expected: &lt;1&gt; but was: &lt;0&gt;
	at app//org.junit.jupiter.api.AssertionFailureBuilder.build(AssertionFailureBuilder.java:151)
	at app//org.junit.jupiter.api.AssertionFailureBuilder.buildAndThrow(AssertionFailureBuilder.java:132)
	at app//org.junit.jupiter.api.AssertEquals.failNotEqual(AssertEquals.java:197)
	at app//org.junit.jupiter.api.AssertEquals.assertEquals(AssertEquals.java:150)
	at app//org.junit.jupiter.api.AssertEquals.assertEquals(AssertEquals.java:145)
	at app//org.junit.jupiter.api.Assertions.assertEquals(Assertions.java:528)
	at app//features.US14_DeleteACategoryStepDefinition.a_category_with_id_exists_in_the_system(US14_DeleteACategoryStepDefinition.java:62)
	at ✽.the category with id 1 exists in the system (US14)(file:///Users/emmanuelma/Desktop/mcgill_stuff/Fall2023/ECSE429/project/ecse429-group16/PartB/src/test/resources/US14_DeleteACategory.feature:17)
</failure>
  </testcase>
  <testcase name="Delete a category that has an empty description" classname="features.CucumberFeaturesTestRunner" time="6.071">
    <failure message="org.opentest4j.AssertionFailedError: expected: &lt;200&gt; but was: &lt;404&gt;" type="org.opentest4j.AssertionFailedError">org.opentest4j.AssertionFailedError: expected: &lt;200&gt; but was: &lt;404&gt;
	at app//org.junit.jupiter.api.AssertionFailureBuilder.build(AssertionFailureBuilder.java:151)
	at app//org.junit.jupiter.api.AssertionFailureBuilder.buildAndThrow(AssertionFailureBuilder.java:132)
	at app//org.junit.jupiter.api.AssertEquals.failNotEqual(AssertEquals.java:197)
	at app//org.junit.jupiter.api.AssertEquals.assertEquals(AssertEquals.java:150)
	at app//org.junit.jupiter.api.AssertEquals.assertEquals(AssertEquals.java:145)
	at app//org.junit.jupiter.api.Assertions.assertEquals(Assertions.java:528)
	at app//features.US14_DeleteACategoryStepDefinition.i_delete_the_incompleted_category_with_id(US14_DeleteACategoryStepDefinition.java:118)
	at ✽.I delete the incompleted category with id 3 (US14)(file:///Users/emmanuelma/Desktop/mcgill_stuff/Fall2023/ECSE429/project/ecse429-group16/PartB/src/test/resources/US14_DeleteACategory.feature:33)
</failure>
  </testcase>
  <testcase name="Delete a category that does not exist" classname="features.CucumberFeaturesTestRunner" time="6.093"/>
  <testcase name="Get a specific category that #1" classname="features.CucumberFeaturesTestRunner" time="6.072">
    <failure message="org.opentest4j.AssertionFailedError: expected: &lt;0&gt; but was: &lt;1&gt;" type="org.opentest4j.AssertionFailedError">org.opentest4j.AssertionFailedError: expected: &lt;0&gt; but was: &lt;1&gt;
	at app//org.junit.jupiter.api.AssertionFailureBuilder.build(AssertionFailureBuilder.java:151)
	at app//org.junit.jupiter.api.AssertionFailureBuilder.buildAndThrow(AssertionFailureBuilder.java:132)
	at app//org.junit.jupiter.api.AssertEquals.failNotEqual(AssertEquals.java:197)
	at app//org.junit.jupiter.api.AssertEquals.assertEquals(AssertEquals.java:150)
	at app//org.junit.jupiter.api.AssertEquals.assertEquals(AssertEquals.java:145)
	at app//org.junit.jupiter.api.Assertions.assertEquals(Assertions.java:528)
	at app//features.US15_GetASpecificCategoryStepDefinition.a_category_with_id_exists_in_the_system(US15_GetASpecificCategoryStepDefinition.java:60)
	at ✽.the category with id 3 exists in the system (US5)(file:///Users/emmanuelma/Desktop/mcgill_stuff/Fall2023/ECSE429/project/ecse429-group16/PartB/src/test/resources/US15_GetSpecificCategory.feature:18)
</failure>
  </testcase>
  <testcase name="Get a specific category that #2" classname="features.CucumberFeaturesTestRunner" time="6.103">
    <failure message="org.opentest4j.AssertionFailedError: expected: &lt;0&gt; but was: &lt;1&gt;" type="org.opentest4j.AssertionFailedError">org.opentest4j.AssertionFailedError: expected: &lt;0&gt; but was: &lt;1&gt;
	at app//org.junit.jupiter.api.AssertionFailureBuilder.build(AssertionFailureBuilder.java:151)
	at app//org.junit.jupiter.api.AssertionFailureBuilder.buildAndThrow(AssertionFailureBuilder.java:132)
	at app//org.junit.jupiter.api.AssertEquals.failNotEqual(AssertEquals.java:197)
	at app//org.junit.jupiter.api.AssertEquals.assertEquals(AssertEquals.java:150)
	at app//org.junit.jupiter.api.AssertEquals.assertEquals(AssertEquals.java:145)
	at app//org.junit.jupiter.api.Assertions.assertEquals(Assertions.java:528)
	at app//features.US15_GetASpecificCategoryStepDefinition.a_category_with_id_exists_in_the_system(US15_GetASpecificCategoryStepDefinition.java:60)
	at ✽.the category with id 4 exists in the system (US5)(file:///Users/emmanuelma/Desktop/mcgill_stuff/Fall2023/ECSE429/project/ecse429-group16/PartB/src/test/resources/US15_GetSpecificCategory.feature:18)
</failure>
  </testcase>
  <testcase name="Get a specific category that #3" classname="features.CucumberFeaturesTestRunner" time="6.09">
    <failure message="org.opentest4j.AssertionFailedError: expected: &lt;0&gt; but was: &lt;1&gt;" type="org.opentest4j.AssertionFailedError">org.opentest4j.AssertionFailedError: expected: &lt;0&gt; but was: &lt;1&gt;
	at app//org.junit.jupiter.api.AssertionFailureBuilder.build(AssertionFailureBuilder.java:151)
	at app//org.junit.jupiter.api.AssertionFailureBuilder.buildAndThrow(AssertionFailureBuilder.java:132)
	at app//org.junit.jupiter.api.AssertEquals.failNotEqual(AssertEquals.java:197)
	at app//org.junit.jupiter.api.AssertEquals.assertEquals(AssertEquals.java:150)
	at app//org.junit.jupiter.api.AssertEquals.assertEquals(AssertEquals.java:145)
	at app//org.junit.jupiter.api.Assertions.assertEquals(Assertions.java:528)
	at app//features.US15_GetASpecificCategoryStepDefinition.a_category_with_id_exists_in_the_system(US15_GetASpecificCategoryStepDefinition.java:60)
	at ✽.the category with id 5 exists in the system (US5)(file:///Users/emmanuelma/Desktop/mcgill_stuff/Fall2023/ECSE429/project/ecse429-group16/PartB/src/test/resources/US15_GetSpecificCategory.feature:18)
</failure>
  </testcase>
  <testcase name="Get a category that has an empty description" classname="features.CucumberFeaturesTestRunner" time="6.089">
    <failure message="org.opentest4j.AssertionFailedError: expected: &lt;0&gt; but was: &lt;1&gt;" type="org.opentest4j.AssertionFailedError">org.opentest4j.AssertionFailedError: expected: &lt;0&gt; but was: &lt;1&gt;
	at app//org.junit.jupiter.api.AssertionFailureBuilder.build(AssertionFailureBuilder.java:151)
	at app//org.junit.jupiter.api.AssertionFailureBuilder.buildAndThrow(AssertionFailureBuilder.java:132)
	at app//org.junit.jupiter.api.AssertEquals.failNotEqual(AssertEquals.java:197)
	at app//org.junit.jupiter.api.AssertEquals.assertEquals(AssertEquals.java:150)
	at app//org.junit.jupiter.api.AssertEquals.assertEquals(AssertEquals.java:145)
	at app//org.junit.jupiter.api.Assertions.assertEquals(Assertions.java:528)
	at app//features.US15_GetASpecificCategoryStepDefinition.the_category_with_id_and_no_description_exists_in_the_system(US15_GetASpecificCategoryStepDefinition.java:92)
	at ✽.the category with id 6 and no description exists in the system (US5)(file:///Users/emmanuelma/Desktop/mcgill_stuff/Fall2023/ECSE429/project/ecse429-group16/PartB/src/test/resources/US15_GetSpecificCategory.feature:30)
</failure>
  </testcase>
  <testcase name="Get a category that does not exist" classname="features.CucumberFeaturesTestRunner" time="6.105"/>
  <system-out><![CDATA[
Scenario Outline: Create a category                                                                                                     ?[90m# src/test/resources/US11_CreateACategory.feature:17?[0m
application started
  ?[32mGiven ?[0m?[32mthe application is running (US11)?[0m                                                                                               ?[90m# features.US11_CreateCategoryStepDefinition.the_todo_application_is_running()?[0m
  ?[32mGiven ?[0m?[32mthe category with title ?[0m?[32m?[1m"My first category"?[0m?[32m and the description ?[0m?[32m?[1m"This is my first category"?[0m?[32m does not exist in the system (US11)?[0m ?[90m# features.US11_CreateCategoryStepDefinition.the_category_with_title_and_the_description_does_not_exist_in_the_system(java.lang.String,java.lang.String)?[0m
  ?[32mWhen ?[0m?[32mI create a category with the title ?[0m?[32m?[1m"My first category"?[0m?[32m and description ?[0m?[32m?[1m"This is my first category"?[0m?[32m (US11)?[0m                        ?[90m# features.US11_CreateCategoryStepDefinition.i_create_a_category_with_title_and_the_description(java.lang.String,java.lang.String)?[0m
  ?[32mThen ?[0m?[32mthe category with title ?[0m?[32m?[1m"My first category"?[0m?[32m and the description ?[0m?[32m?[1m"This is my first category"?[0m?[32m shall exist in the system (US11)?[0m     ?[90m# features.US11_CreateCategoryStepDefinition.the_category_with_title_and_the_description_should_be_in_the_system(java.lang.String,java.lang.String)?[0m
application stopped

Scenario Outline: Create a category                                                                                                       ?[90m# src/test/resources/US11_CreateACategory.feature:18?[0m
application started
  ?[32mGiven ?[0m?[32mthe application is running (US11)?[0m                                                                                                 ?[90m# features.US11_CreateCategoryStepDefinition.the_todo_application_is_running()?[0m
  ?[32mGiven ?[0m?[32mthe category with title ?[0m?[32m?[1m"My second category"?[0m?[32m and the description ?[0m?[32m?[1m"This is my second category"?[0m?[32m does not exist in the system (US11)?[0m ?[90m# features.US11_CreateCategoryStepDefinition.the_category_with_title_and_the_description_does_not_exist_in_the_system(java.lang.String,java.lang.String)?[0m
  ?[32mWhen ?[0m?[32mI create a category with the title ?[0m?[32m?[1m"My second category"?[0m?[32m and description ?[0m?[32m?[1m"This is my second category"?[0m?[32m (US11)?[0m                        ?[90m# features.US11_CreateCategoryStepDefinition.i_create_a_category_with_title_and_the_description(java.lang.String,java.lang.String)?[0m
  ?[32mThen ?[0m?[32mthe category with title ?[0m?[32m?[1m"My second category"?[0m?[32m and the description ?[0m?[32m?[1m"This is my second category"?[0m?[32m shall exist in the system (US11)?[0m     ?[90m# features.US11_CreateCategoryStepDefinition.the_category_with_title_and_the_description_should_be_in_the_system(java.lang.String,java.lang.String)?[0m
application stopped

Scenario Outline: Create a category that has already been created                                                                  ?[90m# src/test/resources/US11_CreateACategory.feature:27?[0m
application started
  ?[32mGiven ?[0m?[32mthe application is running (US11)?[0m                                                                                          ?[90m# features.US11_CreateCategoryStepDefinition.the_todo_application_is_running()?[0m
  ?[32mGiven ?[0m?[32mthe category with title ?[0m?[32m?[1m"My first category"?[0m?[32m does exist in the system (US11)?[0m                                                ?[90m# features.US11_CreateCategoryStepDefinition.the_todo_with_title_does_exist_in_the_system(java.lang.String)?[0m
  ?[32mWhen ?[0m?[32mI create a duplicate category with the title ?[0m?[32m?[1m"My first category"?[0m?[32m and description ?[0m?[32m?[1m"this is my first category"?[0m?[32m (US11)?[0m         ?[90m# features.US11_CreateCategoryStepDefinition.i_create_a_duplicate_category_with_the_title(java.lang.String,java.lang.String)?[0m
  ?[32mThen ?[0m?[32mthe category with title ?[0m?[32m?[1m"My first category"?[0m?[32m with a description ?[0m?[32m?[1m"this is my first category"?[0m?[32m shall exist in the system (US11)?[0m ?[90m# features.US11_CreateCategoryStepDefinition.the_category_with_title_with_a_description_should_be_in_the_system(java.lang.String,java.lang.String)?[0m
application stopped

Scenario Outline: Create a category that has already been created                                                                    ?[90m# src/test/resources/US11_CreateACategory.feature:28?[0m
application started
  ?[32mGiven ?[0m?[32mthe application is running (US11)?[0m                                                                                            ?[90m# features.US11_CreateCategoryStepDefinition.the_todo_application_is_running()?[0m
  ?[32mGiven ?[0m?[32mthe category with title ?[0m?[32m?[1m"My second category"?[0m?[32m does exist in the system (US11)?[0m                                                 ?[90m# features.US11_CreateCategoryStepDefinition.the_todo_with_title_does_exist_in_the_system(java.lang.String)?[0m
  ?[32mWhen ?[0m?[32mI create a duplicate category with the title ?[0m?[32m?[1m"My second category"?[0m?[32m and description ?[0m?[32m?[1m"this is my second category"?[0m?[32m (US11)?[0m         ?[90m# features.US11_CreateCategoryStepDefinition.i_create_a_duplicate_category_with_the_title(java.lang.String,java.lang.String)?[0m
  ?[32mThen ?[0m?[32mthe category with title ?[0m?[32m?[1m"My second category"?[0m?[32m with a description ?[0m?[32m?[1m"this is my second category"?[0m?[32m shall exist in the system (US11)?[0m ?[90m# features.US11_CreateCategoryStepDefinition.the_category_with_title_with_a_description_should_be_in_the_system(java.lang.String,java.lang.String)?[0m
application stopped

Scenario Outline: Create a category with an empty title                                                        ?[90m# src/test/resources/US11_CreateACategory.feature:37?[0m
application started
  ?[32mGiven ?[0m?[32mthe application is running (US11)?[0m                                                                      ?[90m# features.US11_CreateCategoryStepDefinition.the_todo_application_is_running()?[0m
  ?[32mWhen ?[0m?[32mI create a category with empty title (US11)?[0m                                                             ?[90m# features.US11_CreateCategoryStepDefinition.i_create_a_category_with_empty_title()?[0m
  ?[32mThen ?[0m?[32mthe status code shall be ?[0m?[32m?[1m400?[0m?[32m with an error message ?[0m?[32m?[1m"Failed Validation: title : can not be empty"?[0m?[32m (US11)?[0m ?[90m# features.US11_CreateCategoryStepDefinition.the_todo_with_empty_title_should_not_be_in_the_system(int,java.lang.String)?[0m
application stopped

Scenario Outline: Update a categories title and description                                          ?[90m# src/test/resources/US12_UpdateCategory.feature:21?[0m
application started
the_todo_application_is_running
  ?[32mGiven ?[0m?[32mthe todo application is running (US12)?[0m                                                       ?[90m# features.US12_UpdateCategoryStepDefinition.the_todo_application_is_running()?[0m
  ?[32mAnd ?[0m?[32mthe following categories exist in the system (US12)?[0m                                            ?[90m# features.US12_UpdateCategoryStepDefinition.the_following_categories_with_title_description_exist_in_the_system(io.cucumber.datatable.DataTable)?[0m
    | title     | description   |
    | category1 | description 1 |
    | category2 | description 2 |
  ?[32mGiven ?[0m?[32ma category with ?[0m?[32m?[1m3?[0m?[32m exists in the system (US12)?[0m                                                ?[90m# features.US12_UpdateCategoryStepDefinition.a_category_with_id_exists_in_the_system(int)?[0m
  ?[32mWhen ?[0m?[32mI update the category with id ?[0m?[32m?[1m3?[0m?[32m with a new title ?[0m?[32m?[1m"category1"?[0m?[32m, description ?[0m?[32m?[1m"category 1"?[0m?[32m (US12)?[0m ?[90m# features.US12_UpdateCategoryStepDefinition.i_update_the_category_with_id_with_a_new_title_and_description(int,java.lang.String,java.lang.String)?[0m
  ?[32mThen ?[0m?[32mthe category with id ?[0m?[32m?[1m3?[0m?[32m should have title ?[0m?[32m?[1m"category1"?[0m?[32m, description ?[0m?[32m?[1m"category 1"?[0m?[32m (US12)?[0m         ?[90m# features.US12_UpdateCategoryStepDefinition.the_category_with_id_should_have_a_description(int,java.lang.String,java.lang.String)?[0m
application stopped

Scenario Outline: Update a categories title and description                                          ?[90m# src/test/resources/US12_UpdateCategory.feature:22?[0m
application started
the_todo_application_is_running
  ?[32mGiven ?[0m?[32mthe todo application is running (US12)?[0m                                                       ?[90m# features.US12_UpdateCategoryStepDefinition.the_todo_application_is_running()?[0m
  ?[32mAnd ?[0m?[32mthe following categories exist in the system (US12)?[0m                                            ?[90m# features.US12_UpdateCategoryStepDefinition.the_following_categories_with_title_description_exist_in_the_system(io.cucumber.datatable.DataTable)?[0m
    | title     | description   |
    | category1 | description 1 |
    | category2 | description 2 |
  ?[32mGiven ?[0m?[32ma category with ?[0m?[32m?[1m4?[0m?[32m exists in the system (US12)?[0m                                                ?[90m# features.US12_UpdateCategoryStepDefinition.a_category_with_id_exists_in_the_system(int)?[0m
  ?[32mWhen ?[0m?[32mI update the category with id ?[0m?[32m?[1m4?[0m?[32m with a new title ?[0m?[32m?[1m"category2"?[0m?[32m, description ?[0m?[32m?[1m"category 2"?[0m?[32m (US12)?[0m ?[90m# features.US12_UpdateCategoryStepDefinition.i_update_the_category_with_id_with_a_new_title_and_description(int,java.lang.String,java.lang.String)?[0m
  ?[32mThen ?[0m?[32mthe category with id ?[0m?[32m?[1m4?[0m?[32m should have title ?[0m?[32m?[1m"category2"?[0m?[32m, description ?[0m?[32m?[1m"category 2"?[0m?[32m (US12)?[0m         ?[90m# features.US12_UpdateCategoryStepDefinition.the_category_with_id_should_have_a_description(int,java.lang.String,java.lang.String)?[0m
application stopped

Scenario Outline: update a category with only the title                                           ?[90m# src/test/resources/US12_UpdateCategory.feature:31?[0m
application started
the_todo_application_is_running
  ?[32mGiven ?[0m?[32mthe todo application is running (US12)?[0m                                                    ?[90m# features.US12_UpdateCategoryStepDefinition.the_todo_application_is_running()?[0m
  ?[32mAnd ?[0m?[32mthe following categories exist in the system (US12)?[0m                                         ?[90m# features.US12_UpdateCategoryStepDefinition.the_following_categories_with_title_description_exist_in_the_system(io.cucumber.datatable.DataTable)?[0m
    | title     | description   |
    | category1 | description 1 |
    | category2 | description 2 |
  ?[32mGiven ?[0m?[32ma category with id ?[0m?[32m?[1m3?[0m?[32m exists in the system (US12)?[0m                                          ?[90m# features.US12_UpdateCategoryStepDefinition.a_category_with_id_with_doneStatus_exists_in_the_system(int)?[0m
  ?[32mWhen ?[0m?[32mI update the category with id ?[0m?[32m?[1m3?[0m?[32m with a title ?[0m?[32m?[1m"new category 1"?[0m?[32m and empty description (US12)?[0m ?[90m# features.US12_UpdateCategoryStepDefinition.when_i_update_the_category_with_id_with(int,java.lang.String)?[0m
  ?[32mThen ?[0m?[32mthe category with ?[0m?[32m?[1m3?[0m?[32m should have an updated title ?[0m?[32m?[1m"new category 1"?[0m?[32m (US12)?[0m                   ?[90m# features.US12_UpdateCategoryStepDefinition.the_category_with_id_should_have_an_updated_status(int,java.lang.String)?[0m
application stopped

Scenario Outline: update a category with only the title                                           ?[90m# src/test/resources/US12_UpdateCategory.feature:32?[0m
application started
the_todo_application_is_running
  ?[32mGiven ?[0m?[32mthe todo application is running (US12)?[0m                                                    ?[90m# features.US12_UpdateCategoryStepDefinition.the_todo_application_is_running()?[0m
  ?[32mAnd ?[0m?[32mthe following categories exist in the system (US12)?[0m                                         ?[90m# features.US12_UpdateCategoryStepDefinition.the_following_categories_with_title_description_exist_in_the_system(io.cucumber.datatable.DataTable)?[0m
    | title     | description   |
    | category1 | description 1 |
    | category2 | description 2 |
  ?[32mGiven ?[0m?[32ma category with id ?[0m?[32m?[1m4?[0m?[32m exists in the system (US12)?[0m                                          ?[90m# features.US12_UpdateCategoryStepDefinition.a_category_with_id_with_doneStatus_exists_in_the_system(int)?[0m
  ?[32mWhen ?[0m?[32mI update the category with id ?[0m?[32m?[1m4?[0m?[32m with a title ?[0m?[32m?[1m"new category 2"?[0m?[32m and empty description (US12)?[0m ?[90m# features.US12_UpdateCategoryStepDefinition.when_i_update_the_category_with_id_with(int,java.lang.String)?[0m
  ?[32mThen ?[0m?[32mthe category with ?[0m?[32m?[1m4?[0m?[32m should have an updated title ?[0m?[32m?[1m"new category 2"?[0m?[32m (US12)?[0m                   ?[90m# features.US12_UpdateCategoryStepDefinition.the_category_with_id_should_have_an_updated_status(int,java.lang.String)?[0m
application stopped

Scenario Outline: Update a category with empty title              ?[90m# src/test/resources/US12_UpdateCategory.feature:42?[0m
application started
the_todo_application_is_running
  ?[32mGiven ?[0m?[32mthe todo application is running (US12)?[0m                    ?[90m# features.US12_UpdateCategoryStepDefinition.the_todo_application_is_running()?[0m
  ?[32mAnd ?[0m?[32mthe following categories exist in the system (US12)?[0m         ?[90m# features.US12_UpdateCategoryStepDefinition.the_following_categories_with_title_description_exist_in_the_system(io.cucumber.datatable.DataTable)?[0m
    | title     | description   |
    | category1 | description 1 |
    | category2 | description 2 |
  ?[32mGiven ?[0m?[32ma category with ?[0m?[32m?[1m1?[0m?[32m that exists in the system (US12)?[0m        ?[90m# features.US12_UpdateCategoryStepDefinition.a_category_with_id_that_exists_in_the_system(int)?[0m
  ?[32mWhen ?[0m?[32mI update the category with id ?[0m?[32m?[1m1?[0m?[32m with an empty title (US12)?[0m ?[90m# features.US12_UpdateCategoryStepDefinition.i_update_the_category_with_id_with_empty_title(int)?[0m
  ?[32mThen ?[0m?[32mI should receive a ?[0m?[32m?[1m400?[0m?[32m response (US12)?[0m                     ?[90m# features.US12_UpdateCategoryStepDefinition.i_should_receive_a_response_with(int)?[0m
application stopped

Scenario Outline: Get all categories                                                  ?[90m# src/test/resources/US13_GetAllCategories.feature:21?[0m
application started
the_todo_application_is_running
  ?[32mGiven ?[0m?[32mthe todo application is running (US13)?[0m                                        ?[90m# features.US13_GetAllCategoriesStepDefinition.the_todo_application_is_running()?[0m
  ?[32mAnd ?[0m?[32mthe following categories exist in the system (US13)?[0m                             ?[90m# features.US13_GetAllCategoriesStepDefinition.the_following_categories_with_title_description_exist_in_the_system(io.cucumber.datatable.DataTable)?[0m
    | title     | description  |
    | category1 | description1 |
    | category2 | description2 |
    | category3 | description3 |
  ?[32mWhen ?[0m?[32mI get all categories (US13)?[0m                                                    ?[90m# features.US13_GetAllCategoriesStepDefinition.i_get_all_categories()?[0m
  ?[32mThen ?[0m?[32mthe categories with title ?[0m?[32m?[1m"category1"?[0m?[32m, description ?[0m?[32m?[1m"description1"?[0m?[32m exist (US13)?[0m ?[90m# features.US13_GetAllCategoriesStepDefinition.the_categories_with_title_description(java.lang.String,java.lang.String)?[0m
application stopped

Scenario Outline: Get all categories                                                  ?[90m# src/test/resources/US13_GetAllCategories.feature:22?[0m
application started
the_todo_application_is_running
  ?[32mGiven ?[0m?[32mthe todo application is running (US13)?[0m                                        ?[90m# features.US13_GetAllCategoriesStepDefinition.the_todo_application_is_running()?[0m
  ?[32mAnd ?[0m?[32mthe following categories exist in the system (US13)?[0m                             ?[90m# features.US13_GetAllCategoriesStepDefinition.the_following_categories_with_title_description_exist_in_the_system(io.cucumber.datatable.DataTable)?[0m
    | title     | description  |
    | category1 | description1 |
    | category2 | description2 |
    | category3 | description3 |
  ?[32mWhen ?[0m?[32mI get all categories (US13)?[0m                                                    ?[90m# features.US13_GetAllCategoriesStepDefinition.i_get_all_categories()?[0m
  ?[32mThen ?[0m?[32mthe categories with title ?[0m?[32m?[1m"category2"?[0m?[32m, description ?[0m?[32m?[1m"description2"?[0m?[32m exist (US13)?[0m ?[90m# features.US13_GetAllCategoriesStepDefinition.the_categories_with_title_description(java.lang.String,java.lang.String)?[0m
application stopped

Scenario Outline: Get all categories                                                  ?[90m# src/test/resources/US13_GetAllCategories.feature:23?[0m
application started
the_todo_application_is_running
  ?[32mGiven ?[0m?[32mthe todo application is running (US13)?[0m                                        ?[90m# features.US13_GetAllCategoriesStepDefinition.the_todo_application_is_running()?[0m
  ?[32mAnd ?[0m?[32mthe following categories exist in the system (US13)?[0m                             ?[90m# features.US13_GetAllCategoriesStepDefinition.the_following_categories_with_title_description_exist_in_the_system(io.cucumber.datatable.DataTable)?[0m
    | title     | description  |
    | category1 | description1 |
    | category2 | description2 |
    | category3 | description3 |
  ?[32mWhen ?[0m?[32mI get all categories (US13)?[0m                                                    ?[90m# features.US13_GetAllCategoriesStepDefinition.i_get_all_categories()?[0m
  ?[32mThen ?[0m?[32mthe categories with title ?[0m?[32m?[1m"category3"?[0m?[32m, description ?[0m?[32m?[1m"description3"?[0m?[32m exist (US13)?[0m ?[90m# features.US13_GetAllCategoriesStepDefinition.the_categories_with_title_description(java.lang.String,java.lang.String)?[0m
application stopped

Scenario Outline: Get all categories with a specific title           ?[90m# src/test/resources/US13_GetAllCategories.feature:32?[0m
application started
the_todo_application_is_running
  ?[32mGiven ?[0m?[32mthe todo application is running (US13)?[0m                       ?[90m# features.US13_GetAllCategoriesStepDefinition.the_todo_application_is_running()?[0m
  ?[32mAnd ?[0m?[32mthe following categories exist in the system (US13)?[0m            ?[90m# features.US13_GetAllCategoriesStepDefinition.the_following_categories_with_title_description_exist_in_the_system(io.cucumber.datatable.DataTable)?[0m
    | title     | description  |
    | category1 | description1 |
    | category2 | description2 |
    | category3 | description3 |
  ?[32mWhen ?[0m?[32mI get all categories with a specific title ?[0m?[32m?[1m"category1"?[0m?[32m (US13)?[0m ?[90m# features.US13_GetAllCategoriesStepDefinition.i_get_all_categories_with_a_specific_title(java.lang.String)?[0m
  ?[32mThen ?[0m?[32mI should see ?[0m?[32m?[1m1?[0m?[32m categories with title ?[0m?[32m?[1m"category1"?[0m?[32m (US13)?[0m       ?[90m# features.US13_GetAllCategoriesStepDefinition.i_should_see_category_us3(java.lang.Integer,java.lang.String)?[0m
application stopped

Scenario Outline: Get all categories with the wrong endpoint ?[90m# src/test/resources/US13_GetAllCategories.feature:40?[0m
application started
the_todo_application_is_running
  ?[32mGiven ?[0m?[32mthe todo application is running (US13)?[0m               ?[90m# features.US13_GetAllCategoriesStepDefinition.the_todo_application_is_running()?[0m
  ?[32mAnd ?[0m?[32mthe following categories exist in the system (US13)?[0m    ?[90m# features.US13_GetAllCategoriesStepDefinition.the_following_categories_with_title_description_exist_in_the_system(io.cucumber.datatable.DataTable)?[0m
    | title     | description  |
    | category1 | description1 |
    | category2 | description2 |
    | category3 | description3 |
  ?[32mWhen ?[0m?[32mI get all categories with mistyped endpoint (US13)?[0m    ?[90m# features.US13_GetAllCategoriesStepDefinition.i_get_all_categories_with_mistyped_endpoint()?[0m
  ?[32mThen ?[0m?[32mI should receive an error code ?[0m?[32m?[1m404?[0m?[32m (US13)?[0m             ?[90m# features.US13_GetAllCategoriesStepDefinition.i_should_see_an_error_code(int)?[0m
application stopped

Scenario Outline: Delete a category                                 ?[90m# src/test/resources/US14_DeleteACategory.feature:23?[0m
application started
the_todo_application_is_running
  ?[32mGiven ?[0m?[32mthe todo application is running (US14)?[0m                      ?[90m# features.US14_DeleteACategoryStepDefinition.the_todo_application_is_running()?[0m
  ?[32mGiven ?[0m?[32mthe following categories exist in the system (US14)?[0m         ?[90m# features.US14_DeleteACategoryStepDefinition.the_following_categories_with_title_description_exist_in_the_system_US141(io.cucumber.datatable.DataTable)?[0m
    | title     | description  |
    | category1 | description1 |
    | category2 | description2 |
  ?[31mAnd ?[0m?[31mthe category with id ?[0m?[31m?[1m1?[0m?[31m exists in the system (US14)?[0m            ?[90m# features.US14_DeleteACategoryStepDefinition.a_category_with_id_exists_in_the_system(int)?[0m
      ?[31morg.opentest4j.AssertionFailedError: expected: <1> but was: <0>
	at org.junit.jupiter.api.AssertionFailureBuilder.build(AssertionFailureBuilder.java:151)
	at org.junit.jupiter.api.AssertionFailureBuilder.buildAndThrow(AssertionFailureBuilder.java:132)
	at org.junit.jupiter.api.AssertEquals.failNotEqual(AssertEquals.java:197)
	at org.junit.jupiter.api.AssertEquals.assertEquals(AssertEquals.java:150)
	at org.junit.jupiter.api.AssertEquals.assertEquals(AssertEquals.java:145)
	at org.junit.jupiter.api.Assertions.assertEquals(Assertions.java:528)
	at features.US14_DeleteACategoryStepDefinition.a_category_with_id_exists_in_the_system(US14_DeleteACategoryStepDefinition.java:62)
	at ✽.the category with id 1 exists in the system (US14)(file:///Users/emmanuelma/Desktop/mcgill_stuff/Fall2023/ECSE429/project/ecse429-group16/PartB/src/test/resources/US14_DeleteACategory.feature:17)
?[0m
  ?[36mWhen ?[0m?[36mI delete the category with id ?[0m?[36m?[1m1?[0m?[36m (US14)?[0m                       ?[90m# features.US14_DeleteACategoryStepDefinition.i_delete_the_category_with_id(int)?[0m
  ?[36mThen ?[0m?[36mthe category with id ?[0m?[36m?[1m1?[0m?[36m should not exist in the system (US14)?[0m ?[90m# features.US14_DeleteACategoryStepDefinition.the_category_with_id_should_not_exist_in_the_system(int)?[0m
  ?[36mThen ?[0m?[36mthere should be 1 todo in the system (US14)?[0m
application stopped

Scenario Outline: Delete a category that has an empty description               ?[90m# src/test/resources/US14_DeleteACategory.feature:38?[0m
application started
the_todo_application_is_running
  ?[32mGiven ?[0m?[32mthe todo application is running (US14)?[0m                                  ?[90m# features.US14_DeleteACategoryStepDefinition.the_todo_application_is_running()?[0m
  ?[32mGiven ?[0m?[32mthe following incomplete categories exist in the system (US14)?[0m          ?[90m# features.US14_DeleteACategoryStepDefinition.the_following_categories_exist_in_the_system_US142(io.cucumber.datatable.DataTable)?[0m
    | title | description  |
    | todo1 | description1 |
    | todo2 | ""           |
  ?[31mWhen ?[0m?[31mI delete the incompleted category with id ?[0m?[31m?[1m3?[0m?[31m (US14)?[0m                       ?[90m# features.US14_DeleteACategoryStepDefinition.i_delete_the_incompleted_category_with_id(int)?[0m
      ?[31morg.opentest4j.AssertionFailedError: expected: <200> but was: <404>
	at org.junit.jupiter.api.AssertionFailureBuilder.build(AssertionFailureBuilder.java:151)
	at org.junit.jupiter.api.AssertionFailureBuilder.buildAndThrow(AssertionFailureBuilder.java:132)
	at org.junit.jupiter.api.AssertEquals.failNotEqual(AssertEquals.java:197)
	at org.junit.jupiter.api.AssertEquals.assertEquals(AssertEquals.java:150)
	at org.junit.jupiter.api.AssertEquals.assertEquals(AssertEquals.java:145)
	at org.junit.jupiter.api.Assertions.assertEquals(Assertions.java:528)
	at features.US14_DeleteACategoryStepDefinition.i_delete_the_incompleted_category_with_id(US14_DeleteACategoryStepDefinition.java:118)
	at ✽.I delete the incompleted category with id 3 (US14)(file:///Users/emmanuelma/Desktop/mcgill_stuff/Fall2023/ECSE429/project/ecse429-group16/PartB/src/test/resources/US14_DeleteACategory.feature:33)
?[0m
  ?[36mThen ?[0m?[36mthe incompleted category with id ?[0m?[36m?[1m3?[0m?[36m should not exist in the system (US14)?[0m ?[90m# features.US14_DeleteACategoryStepDefinition.the_incompleted_category_with_id_should_not_exist_in_the_system(int)?[0m
  ?[36mThen ?[0m?[36mthere should be 1 todo in the current system (US14)?[0m
application stopped

Scenario Outline: Delete a category that does not exist                                                                      ?[90m# src/test/resources/US14_DeleteACategory.feature:48?[0m
application started
the_todo_application_is_running
  ?[32mGiven ?[0m?[32mthe todo application is running (US14)?[0m                                                                               ?[90m# features.US14_DeleteACategoryStepDefinition.the_todo_application_is_running()?[0m
  ?[32mGiven ?[0m?[32mthe category with id ?[0m?[32m?[1m100?[0m?[32m does not exist in the system (US14)?[0m                                                         ?[90m# features.US14_DeleteACategoryStepDefinition.a_category_with_id_does_not_exist_in_the_system(int)?[0m
  ?[32mWhen ?[0m?[32mI delete the category with inexistant id ?[0m?[32m?[1m100?[0m?[32m (US14)?[0m                                                                   ?[90m# features.US14_DeleteACategoryStepDefinition.i_delete_the_category_with_inexistant_id(int)?[0m
  ?[32mThen ?[0m?[32mI should receive a status code ?[0m?[32m?[1m404?[0m?[32m and see an error message ?[0m?[32m?[1m"Could not find any instances with categories/100"?[0m?[32m (US14)?[0m ?[90m# features.US14_DeleteACategoryStepDefinition.then_i_should_receive_a_status_code_and_see_an_error_message(int,java.lang.String)?[0m
application stopped

Scenario Outline: Get a specific category that                                                 ?[90m# src/test/resources/US15_GetSpecificCategory.feature:24?[0m
application started
the_todo_application_is_running
  ?[32mGiven ?[0m?[32mthe todo application is running (US5)?[0m                                                  ?[90m# features.US15_GetASpecificCategoryStepDefinition.the_todo_application_is_running()?[0m
  ?[32mAnd ?[0m?[32mthe following categories exist in the system: (US5)?[0m                                      ?[90m# features.US15_GetASpecificCategoryStepDefinition.the_following_categories_with_title_description_exist_in_the_system(io.cucumber.datatable.DataTable)?[0m
    | title                    | description  |
    | category1                | description1 |
    | category2                | description2 |
    | category3                | description3 |
    | emptyDescriptionCategory | [empty]      |
  ?[31mGiven ?[0m?[31mthe category with id ?[0m?[31m?[1m3?[0m?[31m exists in the system (US5)?[0m                                      ?[90m# features.US15_GetASpecificCategoryStepDefinition.a_category_with_id_exists_in_the_system(int)?[0m
      ?[31morg.opentest4j.AssertionFailedError: expected: <0> but was: <1>
	at org.junit.jupiter.api.AssertionFailureBuilder.build(AssertionFailureBuilder.java:151)
	at org.junit.jupiter.api.AssertionFailureBuilder.buildAndThrow(AssertionFailureBuilder.java:132)
	at org.junit.jupiter.api.AssertEquals.failNotEqual(AssertEquals.java:197)
	at org.junit.jupiter.api.AssertEquals.assertEquals(AssertEquals.java:150)
	at org.junit.jupiter.api.AssertEquals.assertEquals(AssertEquals.java:145)
	at org.junit.jupiter.api.Assertions.assertEquals(Assertions.java:528)
	at features.US15_GetASpecificCategoryStepDefinition.a_category_with_id_exists_in_the_system(US15_GetASpecificCategoryStepDefinition.java:60)
	at ✽.the category with id 3 exists in the system (US5)(file:///Users/emmanuelma/Desktop/mcgill_stuff/Fall2023/ECSE429/project/ecse429-group16/PartB/src/test/resources/US15_GetSpecificCategory.feature:18)
?[0m
  ?[36mWhen ?[0m?[36mI get the category with id ?[0m?[36m?[1m3?[0m?[36m (US5)?[0m                                                      ?[90m# features.US15_GetASpecificCategoryStepDefinition.i_get_the_category_with_id(int)?[0m
  ?[36mThen ?[0m?[36mI should get a category with id 3, title "category1", description "description1"  (US5)?[0m
application stopped

Scenario Outline: Get a specific category that                                                 ?[90m# src/test/resources/US15_GetSpecificCategory.feature:25?[0m
application started
the_todo_application_is_running
  ?[32mGiven ?[0m?[32mthe todo application is running (US5)?[0m                                                  ?[90m# features.US15_GetASpecificCategoryStepDefinition.the_todo_application_is_running()?[0m
  ?[32mAnd ?[0m?[32mthe following categories exist in the system: (US5)?[0m                                      ?[90m# features.US15_GetASpecificCategoryStepDefinition.the_following_categories_with_title_description_exist_in_the_system(io.cucumber.datatable.DataTable)?[0m
    | title                    | description  |
    | category1                | description1 |
    | category2                | description2 |
    | category3                | description3 |
    | emptyDescriptionCategory | [empty]      |
  ?[31mGiven ?[0m?[31mthe category with id ?[0m?[31m?[1m4?[0m?[31m exists in the system (US5)?[0m                                      ?[90m# features.US15_GetASpecificCategoryStepDefinition.a_category_with_id_exists_in_the_system(int)?[0m
      ?[31morg.opentest4j.AssertionFailedError: expected: <0> but was: <1>
	at org.junit.jupiter.api.AssertionFailureBuilder.build(AssertionFailureBuilder.java:151)
	at org.junit.jupiter.api.AssertionFailureBuilder.buildAndThrow(AssertionFailureBuilder.java:132)
	at org.junit.jupiter.api.AssertEquals.failNotEqual(AssertEquals.java:197)
	at org.junit.jupiter.api.AssertEquals.assertEquals(AssertEquals.java:150)
	at org.junit.jupiter.api.AssertEquals.assertEquals(AssertEquals.java:145)
	at org.junit.jupiter.api.Assertions.assertEquals(Assertions.java:528)
	at features.US15_GetASpecificCategoryStepDefinition.a_category_with_id_exists_in_the_system(US15_GetASpecificCategoryStepDefinition.java:60)
	at ✽.the category with id 4 exists in the system (US5)(file:///Users/emmanuelma/Desktop/mcgill_stuff/Fall2023/ECSE429/project/ecse429-group16/PartB/src/test/resources/US15_GetSpecificCategory.feature:18)
?[0m
  ?[36mWhen ?[0m?[36mI get the category with id ?[0m?[36m?[1m4?[0m?[36m (US5)?[0m                                                      ?[90m# features.US15_GetASpecificCategoryStepDefinition.i_get_the_category_with_id(int)?[0m
  ?[36mThen ?[0m?[36mI should get a category with id 4, title "category2", description "description2"  (US5)?[0m
application stopped

Scenario Outline: Get a specific category that                                                 ?[90m# src/test/resources/US15_GetSpecificCategory.feature:26?[0m
application started
the_todo_application_is_running
  ?[32mGiven ?[0m?[32mthe todo application is running (US5)?[0m                                                  ?[90m# features.US15_GetASpecificCategoryStepDefinition.the_todo_application_is_running()?[0m
  ?[32mAnd ?[0m?[32mthe following categories exist in the system: (US5)?[0m                                      ?[90m# features.US15_GetASpecificCategoryStepDefinition.the_following_categories_with_title_description_exist_in_the_system(io.cucumber.datatable.DataTable)?[0m
    | title                    | description  |
    | category1                | description1 |
    | category2                | description2 |
    | category3                | description3 |
    | emptyDescriptionCategory | [empty]      |
  ?[31mGiven ?[0m?[31mthe category with id ?[0m?[31m?[1m5?[0m?[31m exists in the system (US5)?[0m                                      ?[90m# features.US15_GetASpecificCategoryStepDefinition.a_category_with_id_exists_in_the_system(int)?[0m
      ?[31morg.opentest4j.AssertionFailedError: expected: <0> but was: <1>
	at org.junit.jupiter.api.AssertionFailureBuilder.build(AssertionFailureBuilder.java:151)
	at org.junit.jupiter.api.AssertionFailureBuilder.buildAndThrow(AssertionFailureBuilder.java:132)
	at org.junit.jupiter.api.AssertEquals.failNotEqual(AssertEquals.java:197)
	at org.junit.jupiter.api.AssertEquals.assertEquals(AssertEquals.java:150)
	at org.junit.jupiter.api.AssertEquals.assertEquals(AssertEquals.java:145)
	at org.junit.jupiter.api.Assertions.assertEquals(Assertions.java:528)
	at features.US15_GetASpecificCategoryStepDefinition.a_category_with_id_exists_in_the_system(US15_GetASpecificCategoryStepDefinition.java:60)
	at ✽.the category with id 5 exists in the system (US5)(file:///Users/emmanuelma/Desktop/mcgill_stuff/Fall2023/ECSE429/project/ecse429-group16/PartB/src/test/resources/US15_GetSpecificCategory.feature:18)
?[0m
  ?[36mWhen ?[0m?[36mI get the category with id ?[0m?[36m?[1m5?[0m?[36m (US5)?[0m                                                      ?[90m# features.US15_GetASpecificCategoryStepDefinition.i_get_the_category_with_id(int)?[0m
  ?[36mThen ?[0m?[36mI should get a category with id 5, title "category3", description "description3"  (US5)?[0m
application stopped

Scenario Outline: Get a category that has an empty description                                                                     ?[90m# src/test/resources/US15_GetSpecificCategory.feature:36?[0m
application started
the_todo_application_is_running
  ?[32mGiven ?[0m?[32mthe todo application is running (US5)?[0m                                                                                      ?[90m# features.US15_GetASpecificCategoryStepDefinition.the_todo_application_is_running()?[0m
  ?[32mAnd ?[0m?[32mthe following categories exist in the system: (US5)?[0m                                                                          ?[90m# features.US15_GetASpecificCategoryStepDefinition.the_following_categories_with_title_description_exist_in_the_system(io.cucumber.datatable.DataTable)?[0m
    | title                    | description  |
    | category1                | description1 |
    | category2                | description2 |
    | category3                | description3 |
    | emptyDescriptionCategory | [empty]      |
  ?[31mGiven ?[0m?[31mthe category with id ?[0m?[31m?[1m6?[0m?[31m and no description exists in the system (US5)?[0m                                                       ?[90m# features.US15_GetASpecificCategoryStepDefinition.the_category_with_id_and_no_description_exists_in_the_system(int)?[0m
      ?[31morg.opentest4j.AssertionFailedError: expected: <0> but was: <1>
	at org.junit.jupiter.api.AssertionFailureBuilder.build(AssertionFailureBuilder.java:151)
	at org.junit.jupiter.api.AssertionFailureBuilder.buildAndThrow(AssertionFailureBuilder.java:132)
	at org.junit.jupiter.api.AssertEquals.failNotEqual(AssertEquals.java:197)
	at org.junit.jupiter.api.AssertEquals.assertEquals(AssertEquals.java:150)
	at org.junit.jupiter.api.AssertEquals.assertEquals(AssertEquals.java:145)
	at org.junit.jupiter.api.Assertions.assertEquals(Assertions.java:528)
	at features.US15_GetASpecificCategoryStepDefinition.the_category_with_id_and_no_description_exists_in_the_system(US15_GetASpecificCategoryStepDefinition.java:92)
	at ✽.the category with id 6 and no description exists in the system (US5)(file:///Users/emmanuelma/Desktop/mcgill_stuff/Fall2023/ECSE429/project/ecse429-group16/PartB/src/test/resources/US15_GetSpecificCategory.feature:30)
?[0m
  ?[36mWhen ?[0m?[36mI get the category with id ?[0m?[36m?[1m6?[0m?[36m that has no description (US5)?[0m                                                                  ?[90m# features.US15_GetASpecificCategoryStepDefinition.i_get_the_category_with_id_that_has_no_description(int)?[0m
  ?[36mThen ?[0m?[36mI should get a category that has an empty description with id 6, title "emptyDescriptionCategory" and description ""  (US5)?[0m
application stopped

Scenario Outline: Get a category that does not exist                                                                  ?[90m# src/test/resources/US15_GetSpecificCategory.feature:48?[0m
application started
the_todo_application_is_running
  ?[32mGiven ?[0m?[32mthe todo application is running (US5)?[0m                                                                         ?[90m# features.US15_GetASpecificCategoryStepDefinition.the_todo_application_is_running()?[0m
  ?[32mAnd ?[0m?[32mthe following categories exist in the system: (US5)?[0m                                                             ?[90m# features.US15_GetASpecificCategoryStepDefinition.the_following_categories_with_title_description_exist_in_the_system(io.cucumber.datatable.DataTable)?[0m
    | title                    | description  |
    | category1                | description1 |
    | category2                | description2 |
    | category3                | description3 |
    | emptyDescriptionCategory | [empty]      |
  ?[32mGiven ?[0m?[32mthe category with id ?[0m?[32m?[1m100?[0m?[32m does not exist in the system (US5)?[0m                                                   ?[90m# features.US15_GetASpecificCategoryStepDefinition.the_category_with_id_does_not_exist_in_the_system(int)?[0m
  ?[32mWhen ?[0m?[32mI get the category with invalid id ?[0m?[32m?[1m100?[0m?[32m (US5)?[0m                                                                   ?[90m# features.US15_GetASpecificCategoryStepDefinition.i_get_the_category_with_invalid_id(int)?[0m
null
  ?[32mThen ?[0m?[32mI should receive a ?[0m?[32m?[1m404?[0m?[32m status code and an error message ?[0m?[32m?[1m"Could not find an instance with categories/100"?[0m?[32m (US5)?[0m ?[90m# features.US15_GetASpecificCategoryStepDefinition.i_should_get_a_status_code(int,java.lang.String)?[0m
application stopped
]]></system-out>
  <system-err><![CDATA[]]></system-err>
</testsuite>
